<?xml version="1.0" encoding="UTF-8"?>
<!-- Generated by org.testng.reporters.JUnitReportReporter -->
<testsuite skipped="0" hostname="Shimshim" name="JavaMaven.selenium.SeleniumTest" tests="2" failures="0" timestamp="2020-07-14T18:25:20 IST" time="0.000" errors="0">
  <testcase name="Registration" time="0.000" classname="JavaMaven.selenium.SeleniumTest"/>
  <system-out/>
  <testcase name="Weblogin" time="0.000" classname="JavaMaven.selenium.SeleniumTest"/>
  <system-out/>
</testsuite> <!-- JavaMaven.selenium.SeleniumTest -->
