<?xml version="1.0" encoding="UTF-8"?>
<!-- Generated by org.testng.reporters.JUnitReportReporter -->
<testsuite skipped="0" hostname="Shimshim" name="JavaMaven.selenium.AppiumTest" tests="2" failures="0" timestamp="2020-07-14T18:25:20 IST" time="0.008" errors="0">
  <testcase name="iOSLogin" time="0.000" classname="JavaMaven.selenium.AppiumTest"/>
  <system-out/>
  <testcase name="AndroidLogin" time="0.008" classname="JavaMaven.selenium.AppiumTest"/>
  <system-out/>
</testsuite> <!-- JavaMaven.selenium.AppiumTest -->
