<?xml version="1.0" encoding="UTF-8"?>
<!-- Generated by org.testng.reporters.JUnitReportReporter -->
<testsuite skipped="0" hostname="Shimshim" name="JavaMaven.selenium.RestAPITest" tests="2" failures="0" timestamp="2020-07-14T18:25:20 IST" time="0.010" errors="0">
  <testcase name="DeleteJSON" time="0.010" classname="JavaMaven.selenium.RestAPITest"/>
  <system-out/>
  <testcase name="JSON" time="0.000" classname="JavaMaven.selenium.RestAPITest"/>
  <system-out/>
</testsuite> <!-- JavaMaven.selenium.RestAPITest -->
